<?xml version="1.0" encoding="UTF-8"?>
<testng-results ignored="0" total="2" passed="2" failed="0" skipped="0">
  <reporter-output>
  </reporter-output>
  <suite started-at="2024-04-10T11:13:25 IST" name="Default suite" finished-at="2024-04-10T11:17:59 IST" duration-ms="274243">
    <groups>
      <group name="cucumber">
        <method signature="AbstractTestNGCucumberTests.runScenario(io.cucumber.testng.PickleWrapper,io.cucumber.testng.FeatureWrapper)[pri:0, instance:com.handson.Runner@61322f9d]" name="runScenario" class="io.cucumber.testng.AbstractTestNGCucumberTests"/>
      </group> <!-- cucumber -->
    </groups>
    <test started-at="2024-04-10T11:13:25 IST" name="Default test" finished-at="2024-04-10T11:17:59 IST" duration-ms="274243">
      <class name="com.handson.Runner">
        <test-method is-config="true" signature="setUpClass(org.testng.ITestContext)[pri:0, instance:com.handson.Runner@61322f9d]" started-at="2024-04-10T11:13:25 IST" name="setUpClass" finished-at="2024-04-10T11:13:45 IST" duration-ms="19730" status="PASS">
          <params>
            <param index="0">
              <value>
                <![CDATA[org.testng.TestRunner@70592729]]>
              </value>
            </param>
          </params>
          <reporter-output>
          </reporter-output>
        </test-method> <!-- setUpClass -->
        <test-method signature="runScenario(io.cucumber.testng.PickleWrapper,io.cucumber.testng.FeatureWrapper)[pri:0, instance:com.handson.Runner@61322f9d]" started-at="2024-04-10T11:13:45 IST" name="runScenario" description="Runs Cucumber Scenarios" data-provider="scenarios" finished-at="2024-04-10T11:16:13 IST" duration-ms="148256" status="PASS">
          <params>
            <param index="0">
              <value>
                <![CDATA["Customer Login"]]>
              </value>
            </param>
            <param index="1">
              <value>
                <![CDATA["XYZ Bank"]]>
              </value>
            </param>
          </params>
          <reporter-output>
          </reporter-output>
        </test-method> <!-- runScenario -->
        <test-method signature="runScenario(io.cucumber.testng.PickleWrapper,io.cucumber.testng.FeatureWrapper)[pri:0, instance:com.handson.Runner@61322f9d]" started-at="2024-04-10T11:16:13 IST" name="runScenario" description="Runs Cucumber Scenarios" data-provider="scenarios" finished-at="2024-04-10T11:17:14 IST" duration-ms="60433" status="PASS">
          <params>
            <param index="0">
              <value>
                <![CDATA["Manager Login"]]>
              </value>
            </param>
            <param index="1">
              <value>
                <![CDATA["XYZ Bank"]]>
              </value>
            </param>
          </params>
          <reporter-output>
          </reporter-output>
        </test-method> <!-- runScenario -->
        <test-method is-config="true" signature="tearDownClass()[pri:0, instance:com.handson.Runner@61322f9d]" started-at="2024-04-10T11:17:14 IST" name="tearDownClass" finished-at="2024-04-10T11:17:59 IST" duration-ms="45128" status="PASS">
          <reporter-output>
          </reporter-output>
        </test-method> <!-- tearDownClass -->
      </class> <!-- com.handson.Runner -->
    </test> <!-- Default test -->
  </suite> <!-- Default suite -->
</testng-results>
